2022-02-09 02:11:38,466 - BasePage.py - BasePage - INFO - selector: ('xpath', '//form/div/input') not found
2022-02-09 02:11:38,494 - BasePage.py - BasePage - INFO - selector: ('xpath', '//form//input[@id="promed-password"]') not found
2022-02-09 02:11:38,605 - BasePage.py - BasePage - INFO - selector: ('xpath', '//form//button[@id="auth_submit"]') not found
2022-02-09 02:11:38,620 - BasePage.py - BasePage - INFO - selector: ('xpath', '//form//button[@id="auth_submit"]') not found
2022-02-09 02:11:38,673 - BasePage.py - BasePage - INFO - selector: ('css selector', '#login-message') not found
2022-02-09 02:11:44,136 - BasePage.py - BasePage - INFO - selector: ('xpath', '//div[@class="measurement layout__measurement"]//button') not found
2022-02-09 02:12:02,393 - BasePage.py - BasePage - INFO - selector: ('xpath', '//div[@class="load-box__row load-box__row_type_main load-box__row_clear"]//span[text()="Измерить ещё раз"]') not found
2022-02-09 02:30:05,184 - BasePage.py - BasePage - INFO - selector: found
2022-02-09 02:30:05,211 - BasePage.py - BasePage - INFO - selector: found
2022-02-09 02:30:05,320 - BasePage.py - BasePage - INFO - selector: found
2022-02-09 02:30:05,335 - BasePage.py - BasePage - INFO - selector: found
2022-02-09 02:30:05,386 - BasePage.py - BasePage - INFO - selector: found
2022-02-09 02:30:25,056 - BasePage.py - BasePage - INFO - selector: found
2022-02-09 02:30:25,084 - BasePage.py - BasePage - INFO - selector: found
2022-02-09 02:30:25,190 - BasePage.py - BasePage - INFO - selector: found
2022-02-09 02:30:25,205 - BasePage.py - BasePage - INFO - selector: found
2022-02-09 02:30:25,256 - BasePage.py - BasePage - INFO - selector: found
2022-02-09 02:30:29,729 - BasePage.py - BasePage - INFO - selector: found
2022-02-09 02:30:29,759 - BasePage.py - BasePage - INFO - selector: found
2022-02-09 02:30:29,865 - BasePage.py - BasePage - INFO - selector: found
2022-02-09 02:30:29,880 - BasePage.py - BasePage - INFO - selector: found
2022-02-09 02:30:29,933 - BasePage.py - BasePage - INFO - selector: found
2022-02-09 02:30:44,824 - BasePage.py - BasePage - INFO - selector: found
2022-02-09 02:30:44,852 - BasePage.py - BasePage - INFO - selector: found
2022-02-09 02:30:44,959 - BasePage.py - BasePage - INFO - selector: found
2022-02-09 02:30:44,974 - BasePage.py - BasePage - INFO - selector: found
2022-02-09 02:30:45,024 - BasePage.py - BasePage - INFO - selector: found
2022-02-09 02:30:49,618 - BasePage.py - BasePage - INFO - selector: found
2022-02-09 02:30:49,647 - BasePage.py - BasePage - INFO - selector: found
2022-02-09 02:30:49,754 - BasePage.py - BasePage - INFO - selector: found
2022-02-09 02:30:49,769 - BasePage.py - BasePage - INFO - selector: found
2022-02-09 02:30:49,822 - BasePage.py - BasePage - INFO - selector: found
2022-02-09 02:30:54,302 - BasePage.py - BasePage - INFO - selector: found
2022-02-09 02:30:54,331 - BasePage.py - BasePage - INFO - selector: found
2022-02-09 02:30:54,437 - BasePage.py - BasePage - INFO - selector: found
2022-02-09 02:30:54,452 - BasePage.py - BasePage - INFO - selector: found
2022-02-09 02:30:54,503 - BasePage.py - BasePage - INFO - selector: found
2022-02-09 02:44:21,024 - BasePage.py - BasePage - INFO - selector: found
2022-02-09 02:44:21,053 - BasePage.py - BasePage - INFO - selector: found
2022-02-09 02:44:21,162 - BasePage.py - BasePage - INFO - selector: found
2022-02-09 02:44:21,179 - BasePage.py - BasePage - INFO - selector: found
2022-02-09 02:44:21,230 - BasePage.py - BasePage - INFO - selector: found
2022-02-09 02:44:38,822 - BasePage.py - BasePage - INFO - selector: found
2022-02-09 02:44:38,851 - BasePage.py - BasePage - INFO - selector: found
2022-02-09 02:44:38,959 - BasePage.py - BasePage - INFO - selector: found
2022-02-09 02:44:38,974 - BasePage.py - BasePage - INFO - selector: found
2022-02-09 02:44:39,025 - BasePage.py - BasePage - INFO - selector: found
2022-02-09 02:46:10,553 - BasePage.py - BasePage - INFO - selector: found
2022-02-09 02:46:10,581 - BasePage.py - BasePage - INFO - selector: found
2022-02-09 02:46:10,692 - BasePage.py - BasePage - INFO - selector: found
2022-02-09 02:46:10,707 - BasePage.py - BasePage - INFO - selector: found
2022-02-09 02:46:10,761 - BasePage.py - BasePage - INFO - selector: found
2022-02-09 02:51:33,259 - BasePage.py - BasePage - INFO - selector: found
2022-02-09 02:51:33,288 - BasePage.py - BasePage - INFO - selector: found
2022-02-09 02:51:33,400 - BasePage.py - BasePage - INFO - selector: found
2022-02-09 02:51:33,416 - BasePage.py - BasePage - INFO - selector: found
2022-02-09 02:51:33,472 - BasePage.py - BasePage - INFO - selector: found
2022-02-09 02:56:24,414 - BasePage.py - BasePage - INFO - selector: found
2022-02-09 02:56:24,441 - BasePage.py - BasePage - INFO - selector: found
2022-02-09 02:56:24,558 - BasePage.py - BasePage - INFO - selector: found
2022-02-09 02:56:24,573 - BasePage.py - BasePage - INFO - selector: found
2022-02-09 02:56:24,626 - BasePage.py - BasePage - INFO - selector: found
2022-02-09 02:56:43,547 - BasePage.py - BasePage - INFO - selector: found
2022-02-09 02:56:43,578 - BasePage.py - BasePage - INFO - selector: found
2022-02-09 02:56:43,693 - BasePage.py - BasePage - INFO - selector: found
2022-02-09 02:56:43,708 - BasePage.py - BasePage - INFO - selector: found
2022-02-09 02:56:43,761 - BasePage.py - BasePage - INFO - selector: found
2022-02-09 02:56:56,730 - BasePage.py - BasePage - INFO - selector: found
2022-02-09 02:56:56,756 - BasePage.py - BasePage - INFO - selector: found
2022-02-09 02:56:56,866 - BasePage.py - BasePage - INFO - selector: found
2022-02-09 02:56:56,881 - BasePage.py - BasePage - INFO - selector: found
2022-02-09 02:56:56,933 - BasePage.py - BasePage - INFO - selector: found
2022-02-09 03:05:52,427 - BasePage.py - BasePage - INFO - selector: found
2022-02-09 03:05:52,454 - BasePage.py - BasePage - INFO - selector: found
2022-02-09 03:05:52,570 - BasePage.py - BasePage - INFO - selector: found
2022-02-09 03:05:52,586 - BasePage.py - BasePage - INFO - selector: found
2022-02-09 03:05:52,639 - BasePage.py - BasePage - INFO - selector: found
2022-02-09 03:06:50,217 - BasePage.py - BasePage - INFO - selector: found
2022-02-09 03:06:50,246 - BasePage.py - BasePage - INFO - selector: found
2022-02-09 03:06:50,356 - BasePage.py - BasePage - INFO - selector: found
2022-02-09 03:06:50,371 - BasePage.py - BasePage - INFO - selector: found
2022-02-09 03:06:50,424 - BasePage.py - BasePage - INFO - selector: found
2022-02-09 03:07:10,662 - BasePage.py - BasePage - INFO - selector: found
2022-02-09 03:07:10,692 - BasePage.py - BasePage - INFO - selector: found
2022-02-09 03:07:10,807 - BasePage.py - BasePage - INFO - selector: found
2022-02-09 03:07:10,823 - BasePage.py - BasePage - INFO - selector: found
2022-02-09 03:07:10,875 - BasePage.py - BasePage - INFO - selector: found
2022-02-09 03:07:15,350 - BasePage.py - BasePage - INFO - selector: found
2022-02-09 03:07:15,377 - BasePage.py - BasePage - INFO - selector: found
2022-02-09 03:07:15,494 - BasePage.py - BasePage - INFO - selector: found
2022-02-09 03:07:15,509 - BasePage.py - BasePage - INFO - selector: found
2022-02-09 03:07:15,562 - BasePage.py - BasePage - INFO - selector: found
2022-02-09 03:07:38,241 - BasePage.py - BasePage - INFO - selector: found
2022-02-09 03:07:38,269 - BasePage.py - BasePage - INFO - selector: found
2022-02-09 03:07:38,385 - BasePage.py - BasePage - INFO - selector: found
2022-02-09 03:07:38,401 - BasePage.py - BasePage - INFO - selector: found
2022-02-09 03:07:38,456 - BasePage.py - BasePage - INFO - selector: found
2022-02-09 03:07:42,855 - BasePage.py - BasePage - INFO - selector: found
2022-02-09 03:07:42,884 - BasePage.py - BasePage - INFO - selector: found
2022-02-09 03:07:42,996 - BasePage.py - BasePage - INFO - selector: found
2022-02-09 03:07:43,011 - BasePage.py - BasePage - INFO - selector: found
2022-02-09 03:07:43,066 - BasePage.py - BasePage - INFO - selector: found
2022-02-09 03:07:48,216 - BasePage.py - BasePage - INFO - selector: found
2022-02-09 03:08:06,619 - BasePage.py - BasePage - INFO - selector: found
